# JRE version: OpenJDK Runtime Environment (8.0_202) (build 1.8.0_202-release-1483-b49-5587405)
# Java VM: OpenJDK 64-Bit Server VM (25.202-b49-5587405 mixed mode linux-amd64 compressed oops)
Heap:
 PSYoungGen      total 388608K, used 84452K [0x00000000d5580000, 0x00000000f5380000, 0x0000000100000000)
  eden space 304128K, 0% used [0x00000000d5580000,0x00000000d5580000,0x00000000e7e80000)
  from space 84480K, 99% used [0x00000000f0100000,0x00000000f53793b0,0x00000000f5380000)
  to   space 83456K, 0% used [0x00000000e7e80000,0x00000000e7e80000,0x00000000ed000000)
 ParOldGen       total 256000K, used 145521K [0x0000000080000000, 0x000000008fa00000, 0x00000000d5580000)
  object space 256000K, 56% used [0x0000000080000000,0x0000000088e1c6d8,0x000000008fa00000)
 Metaspace       used 104920K, capacity 109960K, committed 110080K, reserved 1144832K
  class space    used 13790K, capacity 14761K, committed 14848K, reserved 1048576K
GC Heap History (10 events):
Event: 658.020 GC heap after
Heap after GC invocations=21 (full 3):
 PSYoungGen      total 318464K, used 39647K [0x00000000d5580000, 0x00000000ed180000, 0x0000000100000000)
  eden space 264192K, 0% used [0x00000000d5580000,0x00000000d5580000,0x00000000e5780000)
  from space 54272K, 73% used [0x00000000e9c80000,0x00000000ec337e68,0x00000000ed180000)
  to   space 62464K, 0% used [0x00000000e5780000,0x00000000e5780000,0x00000000e9480000)
 ParOldGen       total 144896K, used 75426K [0x0000000080000000, 0x0000000088d80000, 0x00000000d5580000)
  object space 144896K, 52% used [0x0000000080000000,0x00000000849a8940,0x0000000088d80000)
 Metaspace       used 94507K, capacity 98440K, committed 98560K, reserved 1134592K
  class space    used 12436K, capacity 13253K, committed 13312K, reserved 1048576K
}
Event: 658.020 GC heap before
{Heap before GC invocations=22 (full 4):
 PSYoungGen      total 318464K, used 39647K [0x00000000d5580000, 0x00000000ed180000, 0x0000000100000000)
  eden space 264192K, 0% used [0x00000000d5580000,0x00000000d5580000,0x00000000e5780000)
  from space 54272K, 73% used [0x00000000e9c80000,0x00000000ec337e68,0x00000000ed180000)
  to   space 62464K, 0% used [0x00000000e5780000,0x00000000e5780000,0x00000000e9480000)
 ParOldGen       total 144896K, used 75426K [0x0000000080000000, 0x0000000088d80000, 0x00000000d5580000)
  object space 144896K, 52% used [0x0000000080000000,0x00000000849a8940,0x0000000088d80000)
 Metaspace       used 94507K, capacity 98440K, committed 98560K, reserved 1134592K
  class space    used 12436K, capacity 13253K, committed 13312K, reserved 1048576K
Event: 658.493 GC heap after
Heap after GC invocations=22 (full 4):
 PSYoungGen      total 318464K, used 0K [0x00000000d5580000, 0x00000000ed180000, 0x0000000100000000)
  eden space 264192K, 0% used [0x00000000d5580000,0x00000000d5580000,0x00000000e5780000)
  from space 54272K, 0% used [0x00000000e9c80000,0x00000000e9c80000,0x00000000ed180000)
  to   space 62464K, 0% used [0x00000000e5780000,0x00000000e5780000,0x00000000e9480000)
 ParOldGen       total 256000K, used 89137K [0x0000000080000000, 0x000000008fa00000, 0x00000000d5580000)
  object space 256000K, 34% used [0x0000000080000000,0x000000008570c790,0x000000008fa00000)
 Metaspace       used 94507K, capacity 98440K, committed 98560K, reserved 1134592K
  class space    used 12436K, capacity 13253K, committed 13312K, reserved 1048576K
}
Event: 664.984 GC heap before
{Heap before GC invocations=23 (full 4):
 PSYoungGen      total 318464K, used 264192K [0x00000000d5580000, 0x00000000ed180000, 0x0000000100000000)
  eden space 264192K, 100% used [0x00000000d5580000,0x00000000e5780000,0x00000000e5780000)
  from space 54272K, 0% used [0x00000000e9c80000,0x00000000e9c80000,0x00000000ed180000)
  to   space 62464K, 0% used [0x00000000e5780000,0x00000000e5780000,0x00000000e9480000)
 ParOldGen       total 256000K, used 89137K [0x0000000080000000, 0x000000008fa00000, 0x00000000d5580000)
  object space 256000K, 34% used [0x0000000080000000,0x000000008570c790,0x000000008fa00000)
 Metaspace       used 103226K, capacity 108002K, committed 108160K, reserved 1142784K
  class space    used 13732K, capacity 14688K, committed 14720K, reserved 1048576K
Event: 665.174 GC heap after
Heap after GC invocations=23 (full 4):
 PSYoungGen      total 326656K, used 62462K [0x00000000d5580000, 0x00000000f2100000, 0x0000000100000000)
  eden space 264192K, 0% used [0x00000000d5580000,0x00000000d5580000,0x00000000e5780000)
  from space 62464K, 99% used [0x00000000e5780000,0x00000000e947fa80,0x00000000e9480000)
  to   space 82944K, 0% used [0x00000000ed000000,0x00000000ed000000,0x00000000f2100000)
 ParOldGen       total 256000K, used 117523K [0x0000000080000000, 0x000000008fa00000, 0x00000000d5580000)
  object space 256000K, 45% used [0x0000000080000000,0x00000000872c4e60,0x000000008fa00000)
 Metaspace       used 103226K, capacity 108002K, committed 108160K, reserved 1142784K
  class space    used 13732K, capacity 14688K, committed 14720K, reserved 1048576K
}
Event: 669.444 GC heap before
{Heap before GC invocations=24 (full 4):
 PSYoungGen      total 326656K, used 323147K [0x00000000d5580000, 0x00000000f2100000, 0x0000000100000000)
  eden space 264192K, 98% used [0x00000000d5580000,0x00000000e54133a8,0x00000000e5780000)
  from space 62464K, 99% used [0x00000000e5780000,0x00000000e947fa80,0x00000000e9480000)
  to   space 82944K, 0% used [0x00000000ed000000,0x00000000ed000000,0x00000000f2100000)
 ParOldGen       total 256000K, used 117523K [0x0000000080000000, 0x000000008fa00000, 0x00000000d5580000)
  object space 256000K, 45% used [0x0000000080000000,0x00000000872c4e60,0x000000008fa00000)
 Metaspace       used 103767K, capacity 108512K, committed 108672K, reserved 1142784K
  class space    used 13749K, capacity 14693K, committed 14720K, reserved 1048576K
Event: 669.582 GC heap after
Heap after GC invocations=24 (full 4):
 PSYoungGen      total 387072K, used 48447K [0x00000000d5580000, 0x00000000f2b00000, 0x0000000100000000)
  eden space 304128K, 0% used [0x00000000d5580000,0x00000000d5580000,0x00000000e7e80000)
  from space 82944K, 58% used [0x00000000ed000000,0x00000000eff4fcd8,0x00000000f2100000)
  to   space 83456K, 0% used [0x00000000e7e80000,0x00000000e7e80000,0x00000000ed000000)
 ParOldGen       total 256000K, used 117531K [0x0000000080000000, 0x000000008fa00000, 0x00000000d5580000)
  object space 256000K, 45% used [0x0000000080000000,0x00000000872c6e60,0x000000008fa00000)
 Metaspace       used 103767K, capacity 108512K, committed 108672K, reserved 1142784K
  class space    used 13749K, capacity 14693K, committed 14720K, reserved 1048576K
}
Event: 1595.162 GC heap before
{Heap before GC invocations=25 (full 4):
 PSYoungGen      total 387072K, used 352575K [0x00000000d5580000, 0x00000000f2b00000, 0x0000000100000000)
  eden space 304128K, 100% used [0x00000000d5580000,0x00000000e7e80000,0x00000000e7e80000)
  from space 82944K, 58% used [0x00000000ed000000,0x00000000eff4fcd8,0x00000000f2100000)
  to   space 83456K, 0% used [0x00000000e7e80000,0x00000000e7e80000,0x00000000ed000000)
 ParOldGen       total 256000K, used 117531K [0x0000000080000000, 0x000000008fa00000, 0x00000000d5580000)
  object space 256000K, 45% used [0x0000000080000000,0x00000000872c6e60,0x000000008fa00000)
 Metaspace       used 104358K, capacity 109224K, committed 109568K, reserved 1144832K
  class space    used 13779K, capacity 14745K, committed 14848K, reserved 1048576K
Event: 1595.551 GC heap after
Heap after GC invocations=25 (full 4):
 PSYoungGen      total 387584K, used 50390K [0x00000000d5580000, 0x00000000f5380000, 0x0000000100000000)
  eden space 304128K, 0% used [0x00000000d5580000,0x00000000d5580000,0x00000000e7e80000)
  from space 83456K, 60% used [0x00000000e7e80000,0x00000000eafb5b58,0x00000000ed000000)
  to   space 84480K, 0% used [0x00000000f0100000,0x00000000f0100000,0x00000000f5380000)
 ParOldGen       total 256000K, used 117539K [0x0000000080000000, 0x000000008fa00000, 0x00000000d5580000)
  object space 256000K, 45% used [0x0000000080000000,0x00000000872c8e60,0x000000008fa00000)
 Metaspace       used 104358K, capacity 109224K, committed 109568K, reserved 1144832K
  class space    used 13779K, capacity 14745K, committed 14848K, reserved 1048576K
}
Event: 1639.485 GC heap before
{Heap before GC invocations=26 (full 4):
 PSYoungGen      total 387584K, used 354518K [0x00000000d5580000, 0x00000000f5380000, 0x0000000100000000)
  eden space 304128K, 100% used [0x00000000d5580000,0x00000000e7e80000,0x00000000e7e80000)
  from space 83456K, 60% used [0x00000000e7e80000,0x00000000eafb5b58,0x00000000ed000000)
  to   space 84480K, 0% used [0x00000000f0100000,0x00000000f0100000,0x00000000f5380000)
 ParOldGen       total 256000K, used 117539K [0x0000000080000000, 0x000000008fa00000, 0x00000000d5580000)
  object space 256000K, 45% used [0x0000000080000000,0x00000000872c8e60,0x000000008fa00000)
 Metaspace       used 104920K, capacity 109960K, committed 110080K, reserved 1144832K
  class space    used 13790K, capacity 14761K, committed 14848K, reserved 1048576K

