# JRE version: OpenJDK Runtime Environment (8.0_202) (build 1.8.0_202-release-1483-b49-5587405)
# Java VM: OpenJDK 64-Bit Server VM (25.202-b49-5587405 mixed mode linux-amd64 compressed oops)
Heap:
 PSYoungGen      total 292352K, used 70139K [0x00000000d5580000, 0x00000000ed280000, 0x0000000100000000)
  eden space 222208K, 0% used [0x00000000d5580000,0x00000000d5580000,0x00000000e2e80000)
  from space 70144K, 99% used [0x00000000e8e00000,0x00000000ed27efc0,0x00000000ed280000)
  to   space 56320K, 0% used [0x00000000e2e80000,0x00000000e2e80000,0x00000000e6580000)
 ParOldGen       total 246784K, used 210416K [0x0000000080000000, 0x000000008f100000, 0x00000000d5580000)
  object space 246784K, 85% used [0x0000000080000000,0x000000008cd7c220,0x000000008f100000)
 Metaspace       used 94956K, capacity 98852K, committed 99072K, reserved 1134592K
  class space    used 12450K, capacity 13265K, committed 13312K, reserved 1048576K
GC Heap History (10 events):
Event: 2440.666 GC heap after
Heap after GC invocations=25 (full 4):
 PSYoungGen      total 227328K, used 0K [0x00000000d5580000, 0x00000000e7980000, 0x0000000100000000)
  eden space 202240K, 0% used [0x00000000d5580000,0x00000000d5580000,0x00000000e1b00000)
  from space 25088K, 0% used [0x00000000e1b00000,0x00000000e1b00000,0x00000000e3380000)
  to   space 46592K, 0% used [0x00000000e4c00000,0x00000000e4c00000,0x00000000e7980000)
 ParOldGen       total 246784K, used 109206K [0x0000000080000000, 0x000000008f100000, 0x00000000d5580000)
  object space 246784K, 44% used [0x0000000080000000,0x0000000086aa5be8,0x000000008f100000)
 Metaspace       used 88718K, capacity 91918K, committed 93184K, reserved 1130496K
  class space    used 11804K, capacity 12504K, committed 12800K, reserved 1048576K
}
Event: 2442.790 GC heap before
{Heap before GC invocations=26 (full 4):
 PSYoungGen      total 227328K, used 202240K [0x00000000d5580000, 0x00000000e7980000, 0x0000000100000000)
  eden space 202240K, 100% used [0x00000000d5580000,0x00000000e1b00000,0x00000000e1b00000)
  from space 25088K, 0% used [0x00000000e1b00000,0x00000000e1b00000,0x00000000e3380000)
  to   space 46592K, 0% used [0x00000000e4c00000,0x00000000e4c00000,0x00000000e7980000)
 ParOldGen       total 246784K, used 109206K [0x0000000080000000, 0x000000008f100000, 0x00000000d5580000)
  object space 246784K, 44% used [0x0000000080000000,0x0000000086aa5be8,0x000000008f100000)
 Metaspace       used 88977K, capacity 92176K, committed 93440K, reserved 1130496K
  class space    used 11809K, capacity 12505K, committed 12800K, reserved 1048576K
Event: 2442.893 GC heap after
Heap after GC invocations=26 (full 4):
 PSYoungGen      total 238080K, used 46581K [0x00000000d5580000, 0x00000000ebc00000, 0x0000000100000000)
  eden space 191488K, 0% used [0x00000000d5580000,0x00000000d5580000,0x00000000e1080000)
  from space 46592K, 99% used [0x00000000e4c00000,0x00000000e797d450,0x00000000e7980000)
  to   space 60928K, 0% used [0x00000000e1080000,0x00000000e1080000,0x00000000e4c00000)
 ParOldGen       total 246784K, used 126547K [0x0000000080000000, 0x000000008f100000, 0x00000000d5580000)
  object space 246784K, 51% used [0x0000000080000000,0x0000000087b94f00,0x000000008f100000)
 Metaspace       used 88977K, capacity 92176K, committed 93440K, reserved 1130496K
  class space    used 11809K, capacity 12505K, committed 12800K, reserved 1048576K
}
Event: 2537.222 GC heap before
{Heap before GC invocations=27 (full 4):
 PSYoungGen      total 238080K, used 238069K [0x00000000d5580000, 0x00000000ebc00000, 0x0000000100000000)
  eden space 191488K, 100% used [0x00000000d5580000,0x00000000e1080000,0x00000000e1080000)
  from space 46592K, 99% used [0x00000000e4c00000,0x00000000e797d450,0x00000000e7980000)
  to   space 60928K, 0% used [0x00000000e1080000,0x00000000e1080000,0x00000000e4c00000)
 ParOldGen       total 246784K, used 126547K [0x0000000080000000, 0x000000008f100000, 0x00000000d5580000)
  object space 246784K, 51% used [0x0000000080000000,0x0000000087b94f00,0x000000008f100000)
 Metaspace       used 89808K, capacity 93192K, committed 93696K, reserved 1130496K
  class space    used 11878K, capacity 12619K, committed 12800K, reserved 1048576K
Event: 2537.427 GC heap after
Heap after GC invocations=27 (full 4):
 PSYoungGen      total 252416K, used 8544K [0x00000000d5580000, 0x00000000ea780000, 0x0000000100000000)
  eden space 191488K, 0% used [0x00000000d5580000,0x00000000d5580000,0x00000000e1080000)
  from space 60928K, 14% used [0x00000000e1080000,0x00000000e18d8030,0x00000000e4c00000)
  to   space 59392K, 0% used [0x00000000e6d80000,0x00000000e6d80000,0x00000000ea780000)
 ParOldGen       total 246784K, used 164527K [0x0000000080000000, 0x000000008f100000, 0x00000000d5580000)
  object space 246784K, 66% used [0x0000000080000000,0x000000008a0abe28,0x000000008f100000)
 Metaspace       used 89808K, capacity 93192K, committed 93696K, reserved 1130496K
  class space    used 11878K, capacity 12619K, committed 12800K, reserved 1048576K
}
Event: 2570.831 GC heap before
{Heap before GC invocations=28 (full 4):
 PSYoungGen      total 252416K, used 200032K [0x00000000d5580000, 0x00000000ea780000, 0x0000000100000000)
  eden space 191488K, 100% used [0x00000000d5580000,0x00000000e1080000,0x00000000e1080000)
  from space 60928K, 14% used [0x00000000e1080000,0x00000000e18d8030,0x00000000e4c00000)
  to   space 59392K, 0% used [0x00000000e6d80000,0x00000000e6d80000,0x00000000ea780000)
 ParOldGen       total 246784K, used 164527K [0x0000000080000000, 0x000000008f100000, 0x00000000d5580000)
  object space 246784K, 66% used [0x0000000080000000,0x000000008a0abe28,0x000000008f100000)
 Metaspace       used 94233K, capacity 98154K, committed 98304K, reserved 1134592K
  class space    used 12439K, capacity 13260K, committed 13312K, reserved 1048576K
Event: 2570.855 GC heap after
Heap after GC invocations=28 (full 4):
 PSYoungGen      total 270336K, used 15701K [0x00000000d5580000, 0x00000000e9c80000, 0x0000000100000000)
  eden space 222208K, 0% used [0x00000000d5580000,0x00000000d5580000,0x00000000e2e80000)
  from space 48128K, 32% used [0x00000000e6d80000,0x00000000e7cd54a0,0x00000000e9c80000)
  to   space 56320K, 0% used [0x00000000e2e80000,0x00000000e2e80000,0x00000000e6580000)
 ParOldGen       total 246784K, used 164535K [0x0000000080000000, 0x000000008f100000, 0x00000000d5580000)
  object space 246784K, 66% used [0x0000000080000000,0x000000008a0ade28,0x000000008f100000)
 Metaspace       used 94233K, capacity 98154K, committed 98304K, reserved 1134592K
  class space    used 12439K, capacity 13260K, committed 13312K, reserved 1048576K
}
Event: 2576.831 GC heap before
{Heap before GC invocations=29 (full 4):
 PSYoungGen      total 270336K, used 237909K [0x00000000d5580000, 0x00000000e9c80000, 0x0000000100000000)
  eden space 222208K, 100% used [0x00000000d5580000,0x00000000e2e80000,0x00000000e2e80000)
  from space 48128K, 32% used [0x00000000e6d80000,0x00000000e7cd54a0,0x00000000e9c80000)
  to   space 56320K, 0% used [0x00000000e2e80000,0x00000000e2e80000,0x00000000e6580000)
 ParOldGen       total 246784K, used 164535K [0x0000000080000000, 0x000000008f100000, 0x00000000d5580000)
  object space 246784K, 66% used [0x0000000080000000,0x000000008a0ade28,0x000000008f100000)
 Metaspace       used 94937K, capacity 98852K, committed 99072K, reserved 1134592K
  class space    used 12449K, capacity 13265K, committed 13312K, reserved 1048576K
Event: 2576.903 GC heap after
Heap after GC invocations=29 (full 4):
 PSYoungGen      total 278528K, used 56308K [0x00000000d5580000, 0x00000000ed280000, 0x0000000100000000)
  eden space 222208K, 0% used [0x00000000d5580000,0x00000000d5580000,0x00000000e2e80000)
  from space 56320K, 99% used [0x00000000e2e80000,0x00000000e657d000,0x00000000e6580000)
  to   space 70144K, 0% used [0x00000000e8e00000,0x00000000e8e00000,0x00000000ed280000)
 ParOldGen       total 246784K, used 175014K [0x0000000080000000, 0x000000008f100000, 0x00000000d5580000)
  object space 246784K, 70% used [0x0000000080000000,0x000000008aae9928,0x000000008f100000)
 Metaspace       used 94937K, capacity 98852K, committed 99072K, reserved 1134592K
  class space    used 12449K, capacity 13265K, committed 13312K, reserved 1048576K
}
Event: 2578.158 GC heap before
{Heap before GC invocations=30 (full 4):
 PSYoungGen      total 278528K, used 278516K [0x00000000d5580000, 0x00000000ed280000, 0x0000000100000000)
  eden space 222208K, 100% used [0x00000000d5580000,0x00000000e2e80000,0x00000000e2e80000)
  from space 56320K, 99% used [0x00000000e2e80000,0x00000000e657d000,0x00000000e6580000)
  to   space 70144K, 0% used [0x00000000e8e00000,0x00000000e8e00000,0x00000000ed280000)
 ParOldGen       total 246784K, used 175014K [0x0000000080000000, 0x000000008f100000, 0x00000000d5580000)
  object space 246784K, 70% used [0x0000000080000000,0x000000008aae9928,0x000000008f100000)
 Metaspace       used 94956K, capacity 98852K, committed 99072K, reserved 1134592K
  class space    used 12450K, capacity 13265K, committed 13312K, reserved 1048576K

