# JRE version: OpenJDK Runtime Environment (8.0_152) (build 1.8.0_152-release-1343-b16-5323222)
# Java VM: OpenJDK 64-Bit Server VM (25.152-b16-5323222 mixed mode linux-amd64 compressed oops)
Heap:
 PSYoungGen      total 409600K, used 0K [0x00000000e0000000, 0x0000000100000000, 0x0000000100000000)
  eden space 350720K, 0% used [0x00000000e0000000,0x00000000e0000000,0x00000000f5680000)
  from space 58880K, 0% used [0x00000000f5680000,0x00000000f5680000,0x00000000f9000000)
  to   space 85504K, 0% used [0x00000000fac80000,0x00000000fac80000,0x0000000100000000)
 ParOldGen       total 159232K, used 153672K [0x00000000a0000000, 0x00000000a9b80000, 0x00000000e0000000)
  object space 159232K, 96% used [0x00000000a0000000,0x00000000a9612118,0x00000000a9b80000)
 Metaspace       used 103107K, capacity 107242K, committed 107816K, reserved 1142784K
  class space    used 12970K, capacity 13720K, committed 13864K, reserved 1048576K
GC Heap History (10 events):
Event: 1066.922 GC heap after
Heap after GC invocations=27 (full 4):
 PSYoungGen      total 253440K, used 17628K [0x00000000e0000000, 0x00000000f5f80000, 0x0000000100000000)
  eden space 219136K, 0% used [0x00000000e0000000,0x00000000e0000000,0x00000000ed600000)
  from space 34304K, 51% used [0x00000000ed600000,0x00000000ee737190,0x00000000ef780000)
  to   space 32768K, 0% used [0x00000000f3f80000,0x00000000f3f80000,0x00000000f5f80000)
 ParOldGen       total 156160K, used 72485K [0x00000000a0000000, 0x00000000a9880000, 0x00000000e0000000)
  object space 156160K, 46% used [0x00000000a0000000,0x00000000a46c9628,0x00000000a9880000)
 Metaspace       used 101075K, capacity 105258K, committed 105512K, reserved 1140736K
  class space    used 12825K, capacity 13587K, committed 13608K, reserved 1048576K
}
Event: 1068.852 GC heap before
{Heap before GC invocations=28 (full 4):
 PSYoungGen      total 253440K, used 236701K [0x00000000e0000000, 0x00000000f5f80000, 0x0000000100000000)
  eden space 219136K, 99% used [0x00000000e0000000,0x00000000ed5f05b8,0x00000000ed600000)
  from space 34304K, 51% used [0x00000000ed600000,0x00000000ee737190,0x00000000ef780000)
  to   space 32768K, 0% used [0x00000000f3f80000,0x00000000f3f80000,0x00000000f5f80000)
 ParOldGen       total 156160K, used 72485K [0x00000000a0000000, 0x00000000a9880000, 0x00000000e0000000)
  object space 156160K, 46% used [0x00000000a0000000,0x00000000a46c9628,0x00000000a9880000)
 Metaspace       used 101719K, capacity 105956K, committed 106152K, reserved 1142784K
  class space    used 12876K, capacity 13660K, committed 13736K, reserved 1048576K
Event: 1068.901 GC heap after
Heap after GC invocations=28 (full 4):
 PSYoungGen      total 326144K, used 3534K [0x00000000e0000000, 0x00000000f6080000, 0x0000000100000000)
  eden space 293376K, 0% used [0x00000000e0000000,0x00000000e0000000,0x00000000f1e80000)
  from space 32768K, 10% used [0x00000000f3f80000,0x00000000f42f3a28,0x00000000f5f80000)
  to   space 33792K, 0% used [0x00000000f1e80000,0x00000000f1e80000,0x00000000f3f80000)
 ParOldGen       total 156160K, used 75784K [0x00000000a0000000, 0x00000000a9880000, 0x00000000e0000000)
  object space 156160K, 48% used [0x00000000a0000000,0x00000000a4a02240,0x00000000a9880000)
 Metaspace       used 101719K, capacity 105956K, committed 106152K, reserved 1142784K
  class space    used 12876K, capacity 13660K, committed 13736K, reserved 1048576K
}
Event: 1071.253 GC heap before
{Heap before GC invocations=29 (full 4):
 PSYoungGen      total 326144K, used 296910K [0x00000000e0000000, 0x00000000f6080000, 0x0000000100000000)
  eden space 293376K, 100% used [0x00000000e0000000,0x00000000f1e80000,0x00000000f1e80000)
  from space 32768K, 10% used [0x00000000f3f80000,0x00000000f42f3a28,0x00000000f5f80000)
  to   space 33792K, 0% used [0x00000000f1e80000,0x00000000f1e80000,0x00000000f3f80000)
 ParOldGen       total 156160K, used 75784K [0x00000000a0000000, 0x00000000a9880000, 0x00000000e0000000)
  object space 156160K, 48% used [0x00000000a0000000,0x00000000a4a02240,0x00000000a9880000)
 Metaspace       used 102297K, capacity 106580K, committed 106664K, reserved 1142784K
  class space    used 12927K, capacity 13702K, committed 13736K, reserved 1048576K
Event: 1071.312 GC heap after
Heap after GC invocations=29 (full 4):
 PSYoungGen      total 327168K, used 33783K [0x00000000e0000000, 0x00000000fb980000, 0x0000000100000000)
  eden space 293376K, 0% used [0x00000000e0000000,0x00000000e0000000,0x00000000f1e80000)
  from space 33792K, 99% used [0x00000000f1e80000,0x00000000f3f7de68,0x00000000f3f80000)
  to   space 42496K, 0% used [0x00000000f9000000,0x00000000f9000000,0x00000000fb980000)
 ParOldGen       total 156160K, used 85950K [0x00000000a0000000, 0x00000000a9880000, 0x00000000e0000000)
  object space 156160K, 55% used [0x00000000a0000000,0x00000000a53ef840,0x00000000a9880000)
 Metaspace       used 102297K, capacity 106580K, committed 106664K, reserved 1142784K
  class space    used 12927K, capacity 13702K, committed 13736K, reserved 1048576K
}
Event: 1075.202 GC heap before
{Heap before GC invocations=30 (full 4):
 PSYoungGen      total 327168K, used 327159K [0x00000000e0000000, 0x00000000fb980000, 0x0000000100000000)
  eden space 293376K, 100% used [0x00000000e0000000,0x00000000f1e80000,0x00000000f1e80000)
  from space 33792K, 99% used [0x00000000f1e80000,0x00000000f3f7de68,0x00000000f3f80000)
  to   space 42496K, 0% used [0x00000000f9000000,0x00000000f9000000,0x00000000fb980000)
 ParOldGen       total 156160K, used 85950K [0x00000000a0000000, 0x00000000a9880000, 0x00000000e0000000)
  object space 156160K, 55% used [0x00000000a0000000,0x00000000a53ef840,0x00000000a9880000)
 Metaspace       used 103140K, capacity 107472K, committed 107560K, reserved 1142784K
  class space    used 13013K, capacity 13798K, committed 13864K, reserved 1048576K
Event: 1075.343 GC heap after
Heap after GC invocations=30 (full 4):
 PSYoungGen      total 393216K, used 42494K [0x00000000e0000000, 0x00000000fda00000, 0x0000000100000000)
  eden space 350720K, 0% used [0x00000000e0000000,0x00000000e0000000,0x00000000f5680000)
  from space 42496K, 99% used [0x00000000f9000000,0x00000000fb97f838,0x00000000fb980000)
  to   space 58880K, 0% used [0x00000000f5680000,0x00000000f5680000,0x00000000f9000000)
 ParOldGen       total 156160K, used 112923K [0x00000000a0000000, 0x00000000a9880000, 0x00000000e0000000)
  object space 156160K, 72% used [0x00000000a0000000,0x00000000a6e46d90,0x00000000a9880000)
 Metaspace       used 103140K, capacity 107472K, committed 107560K, reserved 1142784K
  class space    used 13013K, capacity 13798K, committed 13864K, reserved 1048576K
}
Event: 1078.848 GC heap before
{Heap before GC invocations=31 (full 4):
 PSYoungGen      total 393216K, used 393214K [0x00000000e0000000, 0x00000000fda00000, 0x0000000100000000)
  eden space 350720K, 100% used [0x00000000e0000000,0x00000000f5680000,0x00000000f5680000)
  from space 42496K, 99% used [0x00000000f9000000,0x00000000fb97f838,0x00000000fb980000)
  to   space 58880K, 0% used [0x00000000f5680000,0x00000000f5680000,0x00000000f9000000)
 ParOldGen       total 156160K, used 112923K [0x00000000a0000000, 0x00000000a9880000, 0x00000000e0000000)
  object space 156160K, 72% used [0x00000000a0000000,0x00000000a6e46d90,0x00000000a9880000)
 Metaspace       used 103248K, capacity 107618K, committed 107816K, reserved 1142784K
  class space    used 13017K, capacity 13803K, committed 13864K, reserved 1048576K
Event: 1103.224 GC heap after
Heap after GC invocations=31 (full 4):
 PSYoungGen      total 409600K, used 58863K [0x00000000e0000000, 0x0000000100000000, 0x0000000100000000)
  eden space 350720K, 0% used [0x00000000e0000000,0x00000000e0000000,0x00000000f5680000)
  from space 58880K, 99% used [0x00000000f5680000,0x00000000f8ffbe38,0x00000000f9000000)
  to   space 85504K, 0% used [0x00000000fac80000,0x00000000fac80000,0x0000000100000000)
 ParOldGen       total 159232K, used 159075K [0x00000000a0000000, 0x00000000a9b80000, 0x00000000e0000000)
  object space 159232K, 99% used [0x00000000a0000000,0x00000000a9b58ea0,0x00000000a9b80000)
 Metaspace       used 103248K, capacity 107618K, committed 107816K, reserved 1142784K
  class space    used 13017K, capacity 13803K, committed 13864K, reserved 1048576K
}
Event: 1104.026 GC heap before
{Heap before GC invocations=32 (full 5):
 PSYoungGen      total 409600K, used 58863K [0x00000000e0000000, 0x0000000100000000, 0x0000000100000000)
  eden space 350720K, 0% used [0x00000000e0000000,0x00000000e0000000,0x00000000f5680000)
  from space 58880K, 99% used [0x00000000f5680000,0x00000000f8ffbe38,0x00000000f9000000)
  to   space 85504K, 0% used [0x00000000fac80000,0x00000000fac80000,0x0000000100000000)
 ParOldGen       total 159232K, used 159075K [0x00000000a0000000, 0x00000000a9b80000, 0x00000000e0000000)
  object space 159232K, 99% used [0x00000000a0000000,0x00000000a9b58ea0,0x00000000a9b80000)
 Metaspace       used 103248K, capacity 107618K, committed 107816K, reserved 1142784K
  class space    used 13017K, capacity 13803K, committed 13864K, reserved 1048576K

