<?xml version="1.0" encoding="UTF-8"?>
<testsuites>
  <testsuite name="fastlane.lanes">
    
    
    
      
      <testcase classname="fastlane.lanes" name="0: default_platform" time="0.000399287">
        
      </testcase>
    
      
      <testcase classname="fastlane.lanes" name="1: clean bundleRelease" time="118.868187079">
        
          <failure message="/usr/local/share/gems/gems/fastlane-2.170.0/fastlane/lib/fastlane/actions/actions_helper.rb:67:in `execute_action'&#10;/usr/local/share/gems/gems/fastlane-2.170.0/fastlane/lib/fastlane/runner.rb:255:in `block in execute_action'&#10;/usr/local/share/gems/gems/fastlane-2.170.0/fastlane/lib/fastlane/runner.rb:229:in `chdir'&#10;/usr/local/share/gems/gems/fastlane-2.170.0/fastlane/lib/fastlane/runner.rb:229:in `execute_action'&#10;/usr/local/share/gems/gems/fastlane-2.170.0/fastlane/lib/fastlane/runner.rb:157:in `trigger_action_by_name'&#10;/usr/local/share/gems/gems/fastlane-2.170.0/fastlane/lib/fastlane/fast_file.rb:159:in `method_missing'&#10;Fastfile:20:in `block (2 levels) in parsing_binding'&#10;/usr/local/share/gems/gems/fastlane-2.170.0/fastlane/lib/fastlane/lane.rb:33:in `call'&#10;/usr/local/share/gems/gems/fastlane-2.170.0/fastlane/lib/fastlane/runner.rb:49:in `block in execute'&#10;/usr/local/share/gems/gems/fastlane-2.170.0/fastlane/lib/fastlane/runner.rb:45:in `chdir'&#10;/usr/local/share/gems/gems/fastlane-2.170.0/fastlane/lib/fastlane/runner.rb:45:in `execute'&#10;/usr/local/share/gems/gems/fastlane-2.170.0/fastlane/lib/fastlane/lane_manager.rb:47:in `cruise_lane'&#10;/usr/local/share/gems/gems/fastlane-2.170.0/fastlane/lib/fastlane/command_line_handler.rb:36:in `handle'&#10;/usr/local/share/gems/gems/fastlane-2.170.0/fastlane/lib/fastlane/commands_generator.rb:108:in `block (2 levels) in run'&#10;/usr/local/share/gems/gems/commander-fastlane-4.4.6/lib/commander/command.rb:178:in `call'&#10;/usr/local/share/gems/gems/commander-fastlane-4.4.6/lib/commander/command.rb:153:in `run'&#10;/usr/local/share/gems/gems/commander-fastlane-4.4.6/lib/commander/runner.rb:476:in `run_active_command'&#10;/usr/local/share/gems/gems/fastlane-2.170.0/fastlane_core/lib/fastlane_core/ui/fastlane_runner.rb:76:in `run!'&#10;/usr/local/share/gems/gems/commander-fastlane-4.4.6/lib/commander/delegates.rb:15:in `run!'&#10;/usr/local/share/gems/gems/fastlane-2.170.0/fastlane/lib/fastlane/commands_generator.rb:352:in `run'&#10;/usr/local/share/gems/gems/fastlane-2.170.0/fastlane/lib/fastlane/commands_generator.rb:41:in `start'&#10;/usr/local/share/gems/gems/fastlane-2.170.0/fastlane/lib/fastlane/cli_tools_distributor.rb:119:in `take_off'&#10;/usr/local/share/gems/gems/fastlane-2.170.0/bin/fastlane:23:in `&lt;top (required)&gt;'&#10;/usr/local/bin/fastlane:23:in `load'&#10;/usr/local/bin/fastlane:23:in `&lt;top (required)&gt;'&#10;/usr/local/share/gems/gems/bundler-2.2.0/lib/bundler/cli/exec.rb:63:in `load'&#10;/usr/local/share/gems/gems/bundler-2.2.0/lib/bundler/cli/exec.rb:63:in `kernel_load'&#10;/usr/local/share/gems/gems/bundler-2.2.0/lib/bundler/cli/exec.rb:28:in `run'&#10;/usr/local/share/gems/gems/bundler-2.2.0/lib/bundler/cli.rb:497:in `exec'&#10;/usr/local/share/gems/gems/bundler-2.2.0/lib/bundler/vendor/thor/lib/thor/command.rb:27:in `run'&#10;/usr/local/share/gems/gems/bundler-2.2.0/lib/bundler/vendor/thor/lib/thor/invocation.rb:127:in `invoke_command'&#10;/usr/local/share/gems/gems/bundler-2.2.0/lib/bundler/vendor/thor/lib/thor.rb:392:in `dispatch'&#10;/usr/local/share/gems/gems/bundler-2.2.0/lib/bundler/cli.rb:30:in `dispatch'&#10;/usr/local/share/gems/gems/bundler-2.2.0/lib/bundler/vendor/thor/lib/thor/base.rb:485:in `start'&#10;/usr/local/share/gems/gems/bundler-2.2.0/lib/bundler/cli.rb:24:in `start'&#10;/usr/local/share/gems/gems/bundler-2.2.0/exe/bundle:49:in `block in &lt;top (required)&gt;'&#10;/usr/local/share/gems/gems/bundler-2.2.0/lib/bundler/friendly_errors.rb:130:in `with_friendly_errors'&#10;/usr/local/share/gems/gems/bundler-2.2.0/exe/bundle:37:in `&lt;top (required)&gt;'&#10;/usr/local/bin/bundle:23:in `load'&#10;/usr/local/bin/bundle:23:in `&lt;main&gt;'&#10;&#10;Shell command exited with exit status 1 instead of 0.&#10;&#10;&gt; Configure project :app&#10;WARNING: DSL element 'android.dataBinding.enabled' is obsolete and has been replaced with 'android.buildFeatures.dataBinding'.&#10;It will be removed in version 5.0 of the Android Gradle plugin.&#10;WARNING: API 'BaseVariant.getApplicationIdTextResource' is obsolete and has been replaced with 'VariantProperties.applicationId'.&#10;It will be removed in version 5.0 of the Android Gradle plugin.&#10;For more information, see TBD.&#10;To determine what is calling BaseVariant.getApplicationIdTextResource, use -Pandroid.debug.obsoleteApi=true on the command line to display more information.&#10;&#10;&gt; Task :clean&#10;&gt; Task :app:clean&#10;&gt; Task :app:preBuild UP-TO-DATE&#10;&gt; Task :app:preReleaseBuild UP-TO-DATE&#10;&gt; Task :app:compileReleaseRenderscript NO-SOURCE&#10;&gt; Task :app:generateReleaseResValues&#10;&gt; Task :app:generateReleaseResources&#10;&gt; Task :app:createReleaseCompatibleScreenManifests&#10;&gt; Task :app:extractDeepLinksRelease&#10;&gt; Task :app:mergeReleaseResources&#10;&gt; Task :app:processReleaseMainManifest&#10;&gt; Task :app:processReleaseManifest&#10;&gt; Task :app:processApplicationManifestReleaseForBundle&#10;&gt; Task :app:compileReleaseAidl NO-SOURCE&#10;&gt; Task :app:dataBindingMergeDependencyArtifactsRelease&#10;&gt; Task :app:dataBindingTriggerRelease&#10;&gt; Task :app:generateReleaseBuildConfig&#10;&gt; Task :app:writeReleaseApplicationId&#10;&gt; Task :app:dataBindingMergeGenClassesRelease&#10;&gt; Task :app:generateSafeArgsRelease&#10;&gt; Task :app:dataBindingGenBaseClassesRelease&#10;&gt; Task :app:processReleaseManifestForPackage&#10;&gt; Task :app:checkReleaseAarMetadata&#10;&gt; Task :app:checkReleaseDuplicateClasses&#10;&gt; Task :app:javaPreCompileRelease&#10;&gt; Task :app:bundleReleaseResources&#10;&gt; Task :app:processReleaseResources&#10;&gt; Task :app:kaptGenerateStubsReleaseKotlin&#10;&gt; Task :app:mergeReleaseShaders&#10;&gt; Task :app:compileReleaseShaders NO-SOURCE&#10;&gt; Task :app:generateReleaseAssets UP-TO-DATE&#10;&gt; Task :app:mergeReleaseAssets&#10;&gt; Task :app:processReleaseJavaRes NO-SOURCE&#10;&gt; Task :app:mergeReleaseJniLibFolders&#10;&gt; Task :app:collectReleaseDependencies&#10;&gt; Task :app:configureReleaseDependencies&#10;&gt; Task :app:parseReleaseIntegrityConfig UP-TO-DATE&#10;&gt; Task :app:validateSigningRelease FAILED&#10;&gt; Task :app:mergeReleaseNativeLibs&#10;&#10;&gt; Task :app:kaptReleaseKotlin&#10;warning: Current JDK version 1.8.0_252-b09 has a bug (https://bugs.openjdk.java.net/browse/JDK-8007720) that prevents Room from being incremental. Consider using JDK 11+ or the embedded JDK shipped with Android Studio 3.5+.ANTLR Tool version 4.5.3 used for code generation does not match the current runtime version 4.7.1ANTLR Runtime version 4.5.3 used for parser compilation does not match the current runtime version 4.7.1ANTLR Tool version 4.5.3 used for code generation does not match the current runtime version 4.7.1ANTLR Runtime version 4.5.3 used for parser compilation does not match the current runtime version 4.7.1[WARN] Incremental annotation processing requested, but support is disabled because the following processors are not incremental: androidx.room.RoomProcessor (DYNAMIC).&#10;&#10;FAILURE: Build failed with an exception.&#10;&#10;* What went wrong:&#10;Execution failed for task ':app:validateSigningRelease'.&#10;&gt; Keystore file '/home/etegani/Downloads/ExpenseMonitorApp/keystore.jks' not found for signing config 'externalOverride'.&#10;&#10;* Try:&#10;Run with --stacktrace option to get the stack trace. Run with --info or --debug option to get more log output. Run with --scan to get full insights.&#10;&#10;* Get more help at https://help.gradle.org&#10;&#10;Deprecated Gradle features were used in this build, making it incompatible with Gradle 7.0.&#10;Use '--warning-mode all' to show the individual deprecation warnings.&#10;See https://docs.gradle.org/6.5/userguide/command_line_interface.html#sec:command_line_warnings&#10;&#10;BUILD FAILED in 1m 56s&#10;32 actionable tasks: 31 executed, 1 up-to-date&#10;" />
        
      </testcase>
    
  </testsuite>
</testsuites>
